This is pdfTeX, Version 3.14159265-2.6-1.40.20 (MiKTeX 2.9.7000 64-bit) (preloaded format=pdflatex 2019.4.17)  9 FEB 2020 22:11
entering extended mode
**./main.tex
(main.tex
LaTeX2e <2018-12-01>
("C:\Users\Mohamed Amine\Documents\latex\installation\tex/latex/base\report.cls
"
Document Class: report 2018/09/03 v1.4i Standard LaTeX document class
("C:\Users\Mohamed Amine\Documents\latex\installation\tex/latex/base\size12.clo
"
File: size12.clo 2018/09/03 v1.4i Standard LaTeX file (size option)
)
\c@part=\count80
\c@chapter=\count81
\c@section=\count82
\c@subsection=\count83
\c@subsubsection=\count84
\c@paragraph=\count85
\c@subparagraph=\count86
\c@figure=\count87
\c@table=\count88
\abovecaptionskip=\skip41
\belowcaptionskip=\skip42
\bibindent=\dimen102
)
("C:\Users\Mohamed Amine\Documents\latex\installation\tex/latex/arabtex\arabtex
.sty"
("C:\Users\Mohamed Amine\Documents\latex\installation\tex/latex/arabtex\aconfig
.sty"
LaTeX2e detected 
BABEL detected
\a@moduledate=\count89
\a@maindate=\count90
)
("C:\Users\Mohamed Amine\Documents\latex\installation\tex/latex/arabtex\arabaux
.sty")
("C:\Users\Mohamed Amine\Documents\latex\installation\tex/latex/arabtex\acmd.st
y")
("C:\Users\Mohamed Amine\Documents\latex\installation\tex/latex/arabtex\afonts.
sty"
("C:\Users\Mohamed Amine\Documents\latex\installation\tex/latex/arabtex\afonts2
.sty"))
("C:\Users\Mohamed Amine\Documents\latex\installation\tex/latex/arabtex\ascan.s
ty" (ArabTeX) scanner for code `arabtex' installed.
(ArabTeX) input encoding set to ArabTeX standard conventions.)
("C:\Users\Mohamed Amine\Documents\latex\installation\tex/latex/arabtex\aparse.
sty")
("C:\Users\Mohamed Amine\Documents\latex\installation\tex/latex/arabtex\awrite.
sty"
("C:\Users\Mohamed Amine\Documents\latex\installation\tex/latex/arabtex\xarbsym
b.sty")
("C:\Users\Mohamed Amine\Documents\latex\installation\tex/latex/arabtex\arabske
l.sty")
("C:\Users\Mohamed Amine\Documents\latex\installation\tex/latex/arabtex\xarbske
l.sty")
("C:\Users\Mohamed Amine\Documents\latex\installation\tex/latex/arabtex\aboxes.
sty")
("C:\Users\Mohamed Amine\Documents\latex\installation\tex/latex/arabtex\arabtok
s.sty")
("C:\Users\Mohamed Amine\Documents\latex\installation\tex/latex/arabtex\arabchr
s.sty"))
("C:\Users\Mohamed Amine\Documents\latex\installation\tex/latex/arabtex\aligs.s
ty")
("C:\Users\Mohamed Amine\Documents\latex\installation\tex/latex/arabtex\aoutput
.sty")
("C:\Users\Mohamed Amine\Documents\latex\installation\tex/latex/arabtex\abidir.
sty")
("C:\Users\Mohamed Amine\Documents\latex\installation\tex/latex/arabtex\atrans.
sty" (ArabTeX) ZDMG transliteration.)
("C:\Users\Mohamed Amine\Documents\latex\installation\tex/latex/arabtex\alatex.
sty"
("C:\Users\Mohamed Amine\Documents\latex\installation\tex/latex/arabtex\afoot.s
ty"))
("C:\Users\Mohamed Amine\Documents\latex\installation\tex/latex/arabtex\abjad.s
ty")
("C:\Users\Mohamed Amine\Documents\latex\installation\tex/latex/arabtex\apatch.
sty"
("C:\Users\Mohamed Amine\Documents\latex\installation\tex/latex/arabtex\alists.
sty")
("C:\Users\Mohamed Amine\Documents\latex\installation\tex/latex/arabtex\asect.s
ty")
("C:\Users\Mohamed Amine\Documents\latex\installation\tex/latex/arabtex\atabg.s
ty")
("C:\Users\Mohamed Amine\Documents\latex\installation\tex/latex/arabtex\alocal.
sty" (ArabTeX) 3.11 local stub, 26.02.2006))
Arabic processor `ArabTeX' [20060702 patch level 3.11s (02.07.2006)]
(ArabTeX) ... now be patient ... )
("C:\Users\Mohamed Amine\Documents\latex\installation\tex/latex/base\inputenc.s
ty"
Package: inputenc 2018/08/11 v1.3c Input encoding file
\inpenc@prehook=\toks34
\inpenc@posthook=\toks35
)
("C:\Users\Mohamed Amine\Documents\latex\installation\tex/latex/base\fontenc.st
y"
Package: fontenc 2018/08/11 v2.0j Standard LaTeX package

("C:\Users\Mohamed Amine\Documents\latex\installation\tex/latex/base\t1enc.def"
File: t1enc.def 2018/08/11 v2.0j Standard LaTeX file
LaTeX Font Info:    Redeclaring font encoding T1 on input line 48.
))
("C:\Users\Mohamed Amine\Documents\latex\installation\tex/latex/fancyhdr\fancyh
dr.sty"
Package: fancyhdr 2019/01/31 v3.10 Extensive control of page headers and footer
s
\f@nch@headwidth=\skip45
\f@nch@O@elh=\skip46
\f@nch@O@erh=\skip47
\f@nch@O@olh=\skip48
\f@nch@O@orh=\skip49
\f@nch@O@elf=\skip50
\f@nch@O@erf=\skip51
\f@nch@O@olf=\skip52
\f@nch@O@orf=\skip53
)
("C:\Users\Mohamed Amine\Documents\latex\installation\tex/latex/lastpage\lastpa
ge.sty"
Package: lastpage 2015/03/29 v1.2m Refers to last page's name (HMM; JPG)
)
("C:\Users\Mohamed Amine\Documents\latex\installation\tex/latex/a4wide\a4wide.s
ty"
Package: a4wide 1994/08/30

("C:\Users\Mohamed Amine\Documents\latex\installation\tex/latex/ntgclass\a4.sty
"
Package: a4 2004/04/15 v1.2g A4 based page layout
))
("C:\Users\Mohamed Amine\Documents\latex\installation\tex/latex/amsmath\amsmath
.sty"
Package: amsmath 2018/12/01 v2.17b AMS math features
\@mathmargin=\skip54

For additional information on amsmath, use the `?' option.

("C:\Users\Mohamed Amine\Documents\latex\installation\tex/latex/amsmath\amstext
.sty"
Package: amstext 2000/06/29 v2.01 AMS text

("C:\Users\Mohamed Amine\Documents\latex\installation\tex/latex/amsmath\amsgen.
sty"
File: amsgen.sty 1999/11/30 v2.0 generic functions
\@emptytoks=\toks36
\ex@=\dimen125
))
("C:\Users\Mohamed Amine\Documents\latex\installation\tex/latex/amsmath\amsbsy.
sty"
Package: amsbsy 1999/11/29 v1.2d Bold Symbols
\pmbraise@=\dimen126
)
("C:\Users\Mohamed Amine\Documents\latex\installation\tex/latex/amsmath\amsopn.
sty"
Package: amsopn 2016/03/08 v2.02 operator names
)
\inf@bad=\count120
LaTeX Info: Redefining \frac on input line 223.
\uproot@=\count121
\leftroot@=\count122
LaTeX Info: Redefining \overline on input line 385.
\classnum@=\count123
\DOTSCASE@=\count124
LaTeX Info: Redefining \ldots on input line 482.
LaTeX Info: Redefining \dots on input line 485.
LaTeX Info: Redefining \cdots on input line 606.
\Mathstrutbox@=\box42
\strutbox@=\box43
\big@size=\dimen127
LaTeX Font Info:    Redeclaring font encoding OML on input line 729.
LaTeX Font Info:    Redeclaring font encoding OMS on input line 730.
\macc@depth=\count125
\c@MaxMatrixCols=\count126
\dotsspace@=\muskip10
\c@parentequation=\count127
\dspbrk@lvl=\count128
\tag@help=\toks37
\row@=\count129
\column@=\count130
\maxfields@=\count131
\andhelp@=\toks38
\eqnshift@=\dimen128
\alignsep@=\dimen129
\tagshift@=\dimen130
\tagwidth@=\dimen131
\totwidth@=\dimen132
\lineht@=\dimen133
\@envbody=\toks39
\multlinegap=\skip55
\multlinetaggap=\skip56
\mathdisplay@stack=\toks40
LaTeX Info: Redefining \[ on input line 2844.
LaTeX Info: Redefining \] on input line 2845.
)
("C:\Users\Mohamed Amine\Documents\latex\installation\tex/latex/tools\array.sty
"
Package: array 2018/12/30 v2.4k Tabular extension package (FMi)
\col@sep=\dimen134
\ar@mcellbox=\box44
\extrarowheight=\dimen135
\NC@list=\toks41
\extratabsurround=\skip57
\backup@length=\skip58
\ar@cellbox=\box45
)
("C:\Users\Mohamed Amine\Documents\latex\installation\tex/latex/multirow\multir
ow.sty"
Package: multirow 2019/01/01 v2.4 Span multiple rows of a table
\multirow@colwidth=\skip59
\multirow@cntb=\count132
\multirow@dima=\skip60
\bigstrutjot=\dimen136
)
("C:\Users\Mohamed Amine\Documents\latex\installation\tex/latex/titlesec\titles
ec.sty"
Package: titlesec 2019/09/09 v2.12 Sectioning titles
\ttl@box=\box46
\beforetitleunit=\skip61
\aftertitleunit=\skip62
\ttl@plus=\dimen137
\ttl@minus=\dimen138
\ttl@toksa=\toks42
\titlewidth=\dimen139
\titlewidthlast=\dimen140
\titlewidthfirst=\dimen141
)
("C:\Users\Mohamed Amine\Documents\latex\installation\tex/latex/enumitem\enumit
em.sty"
Package: enumitem 2019/06/20 v3.9 Customized lists
\enitkv@toks@=\toks43
\labelindent=\skip63
\enit@outerparindent=\dimen142
\enit@toks=\toks44
\enit@inbox=\box47
\enit@count@id=\count133
\enitdp@description=\count134
)
("C:\Users\Mohamed Amine\Documents\latex\installation\tex/latex/amsfonts\amssym
b.sty"
Package: amssymb 2013/01/14 v3.01 AMS font symbols

("C:\Users\Mohamed Amine\Documents\latex\installation\tex/latex/amsfonts\amsfon
ts.sty"
Package: amsfonts 2013/01/14 v3.01 Basic AMSFonts support
\symAMSa=\mathgroup4
\symAMSb=\mathgroup5
LaTeX Font Info:    Overwriting math alphabet `\mathfrak' in version `bold'
(Font)                  U/euf/m/n --> U/euf/b/n on input line 106.
))
("C:\Users\Mohamed Amine\Documents\latex\installation\tex/latex/graphics\graphi
cx.sty"
Package: graphicx 2017/06/01 v1.1a Enhanced LaTeX Graphics (DPC,SPQR)

("C:\Users\Mohamed Amine\Documents\latex\installation\tex/latex/graphics\keyval
.sty"
Package: keyval 2014/10/28 v1.15 key=value parser (DPC)
\KV@toks@=\toks45
)
("C:\Users\Mohamed Amine\Documents\latex\installation\tex/latex/graphics\graphi
cs.sty"
Package: graphics 2017/06/25 v1.2c Standard LaTeX Graphics (DPC,SPQR)

("C:\Users\Mohamed Amine\Documents\latex\installation\tex/latex/graphics\trig.s
ty"
Package: trig 2016/01/03 v1.10 sin cos tan (DPC)
)
("C:\Users\Mohamed Amine\Documents\latex\installation\tex/latex/graphics-cfg\gr
aphics.cfg"
File: graphics.cfg 2016/06/04 v1.11 sample graphics configuration
)
Package graphics Info: Driver file: pdftex.def on input line 99.

("C:\Users\Mohamed Amine\Documents\latex\installation\tex/latex/graphics-def\pd
ftex.def"
File: pdftex.def 2018/01/08 v1.0l Graphics/color driver for pdftex
))
\Gin@req@height=\dimen143
\Gin@req@width=\dimen144
)
("C:\Users\Mohamed Amine\Documents\latex\installation\tex/latex/graphics\color.
sty"
Package: color 2016/07/10 v1.1e Standard LaTeX Color (DPC)

("C:\Users\Mohamed Amine\Documents\latex\installation\tex/latex/graphics-cfg\co
lor.cfg"
File: color.cfg 2016/01/02 v1.6 sample color configuration
)
Package color Info: Driver file: pdftex.def on input line 147.
)
("C:\Users\Mohamed Amine\Documents\latex\installation\tex/latex/fancybox\fancyb
ox.sty"
Package: fancybox 2010/05/15 1.4

Style option: `fancybox' v1.4 <2010/05/15> (tvz)
\@fancybox=\box48
\shadowsize=\dimen145
\@Sbox=\box49
\do@VerbBox=\toks46
\the@fancyput=\toks47
\this@fancyput=\toks48
\EndVerbatimTokens=\toks49
\Verbatim@Outfile=\write5
\Verbatim@Infile=\read1
)
("C:\Users\Mohamed Amine\Documents\latex\installation\tex/latex/moreverb\moreve
rb.sty"
Package: moreverb 2008/06/03 v2.3a `more' verbatim facilities

("C:\Users\Mohamed Amine\Documents\latex\installation\tex/latex/tools\verbatim.
sty"
Package: verbatim 2014/10/28 v1.5q LaTeX2e package for verbatim enhancements
\every@verbatim=\toks50
\verbatim@line=\toks51
\verbatim@in@stream=\read2
)
\tab@position=\count135
\tab@size=\count136
\listing@line=\count137
)
("C:\Users\Mohamed Amine\Documents\latex\installation\tex/generic/babel\babel.s
ty"
Package: babel 2019/04/01 3.28 The Babel package

("C:\Users\Mohamed Amine\Documents\latex\installation\tex/generic/babel\switch.
def"
File: switch.def 2019/04/01 3.28 Babel switching mechanism
)
*************************************
* Local config file bblopts.cfg used
*

("C:\Users\Mohamed Amine\Documents\latex\installation\tex/latex/arabi\bblopts.c
fg"
File: bblopts.cfg 2005/09/08 v0.1 add Arabic and Farsi to "declared" options of
 babel
)
("C:\Users\Mohamed Amine\Documents\latex\installation\tex/latex/babel-english\e
nglish.ldf"
Language: english 2017/06/06 v3.3r English support from the babel system

("C:\Users\Mohamed Amine\Documents\latex\installation\tex/generic/babel\babel.d
ef"
File: babel.def 2019/04/01 3.28 Babel common definitions
\babel@savecnt=\count138
\U@D=\dimen146

("C:\Users\Mohamed Amine\Documents\latex\installation\tex/generic/babel\txtbabe
l.def")
\bbl@dirlevel=\count139
)
\l@canadian = a dialect from \language\l@american 
\l@australian = a dialect from \language\l@british 
\l@newzealand = a dialect from \language\l@british 
)
("C:\Users\Mohamed Amine\Documents\latex\installation\tex/generic/babel-french\
francais.ldf"
Language: francais 2019/03/30 v3.5e French support from the babel system


Package francais.ldf Warning: Option `francais' for Babel is *deprecated*,
(francais.ldf)                it might be removed sooner or later. Please
(francais.ldf)                use `french' instead; reported on input line 31.


("C:\Users\Mohamed Amine\Documents\latex\installation\tex/generic/babel-french\
french.ldf"
Language: french 2019/03/30 v3.5e French support from the babel system
\l@acadian = a dialect from \language\l@french 
\FB@nonchar=\count140
Package babel Info: Making : an active character on input line 414.
Package babel Info: Making ; an active character on input line 415.
Package babel Info: Making ! an active character on input line 416.
Package babel Info: Making ? an active character on input line 417.
\FBguill@level=\count141
\FBold@everypar=\toks52
\FB@Mht=\dimen147
\mc@charclass=\count142
\mc@charfam=\count143
\mc@charslot=\count144
\std@mcc=\count145
\dec@mcc=\count146
\c@FBcaption@count=\count147
\listindentFB=\dimen148
\descindentFB=\dimen149
\labelindentFB=\dimen150
\labelwidthFB=\dimen151
\leftmarginFB=\dimen152
\parindentFFN=\dimen153
\FBfnindent=\dimen154
)))
("C:\Users\Mohamed Amine\Documents\latex\installation\tex/latex/carlisle\scalef
nt.sty")
("C:\Users\Mohamed Amine\Documents\latex\installation\tex/latex/listings\listin
gs.sty"
\lst@mode=\count148
\lst@gtempboxa=\box50
\lst@token=\toks53
\lst@length=\count149
\lst@currlwidth=\dimen155
\lst@column=\count150
\lst@pos=\count151
\lst@lostspace=\dimen156
\lst@width=\dimen157
\lst@newlines=\count152
\lst@lineno=\count153
\lst@maxwidth=\dimen158

("C:\Users\Mohamed Amine\Documents\latex\installation\tex/latex/listings\lstmis
c.sty"
File: lstmisc.sty 2019/09/10 1.8c (Carsten Heinz)
\c@lstnumber=\count154
\lst@skipnumbers=\count155
\lst@framebox=\box51
)
("C:\Users\Mohamed Amine\Documents\latex\installation\tex/latex/listings\listin
gs.cfg"
File: listings.cfg 2019/09/10 1.8c listings configuration
))
Package: listings 2019/09/10 1.8c (Carsten Heinz)

("C:\Users\Mohamed Amine\Documents\latex\installation\tex/latex/hyperref\hyperr
ef.sty"
Package: hyperref 2018/11/30 v6.88e Hypertext links for LaTeX

("C:\Users\Mohamed Amine\Documents\latex\installation\tex/generic/oberdiek\hobs
ub-hyperref.sty"
Package: hobsub-hyperref 2016/05/16 v1.14 Bundle oberdiek, subset hyperref (HO)


("C:\Users\Mohamed Amine\Documents\latex\installation\tex/generic/oberdiek\hobs
ub-generic.sty"
Package: hobsub-generic 2016/05/16 v1.14 Bundle oberdiek, subset generic (HO)
Package: hobsub 2016/05/16 v1.14 Construct package bundles (HO)
Package: infwarerr 2016/05/16 v1.4 Providing info/warning/error messages (HO)
Package: ltxcmds 2016/05/16 v1.23 LaTeX kernel commands for general use (HO)
Package: ifluatex 2016/05/16 v1.4 Provides the ifluatex switch (HO)
Package ifluatex Info: LuaTeX not detected.
Package: ifvtex 2016/05/16 v1.6 Detect VTeX and its facilities (HO)
Package ifvtex Info: VTeX not detected.
Package: intcalc 2016/05/16 v1.2 Expandable calculations with integers (HO)
Package: ifpdf 2018/09/07 v3.3 Provides the ifpdf switch
Package: etexcmds 2016/05/16 v1.6 Avoid name clashes with e-TeX commands (HO)
Package: kvsetkeys 2016/05/16 v1.17 Key value parser (HO)
Package: kvdefinekeys 2016/05/16 v1.4 Define keys (HO)
Package: pdftexcmds 2018/09/10 v0.29 Utility functions of pdfTeX for LuaTeX (HO
)
Package pdftexcmds Info: LuaTeX not detected.
Package pdftexcmds Info: \pdf@primitive is available.
Package pdftexcmds Info: \pdf@ifprimitive is available.
Package pdftexcmds Info: \pdfdraftmode found.
Package: pdfescape 2016/05/16 v1.14 Implements pdfTeX's escape features (HO)
Package: bigintcalc 2016/05/16 v1.4 Expandable calculations on big integers (HO
)
Package: bitset 2016/05/16 v1.2 Handle bit-vector datatype (HO)
Package: uniquecounter 2016/05/16 v1.3 Provide unlimited unique counter (HO)
)
Package hobsub Info: Skipping package `hobsub' (already loaded).
Package: letltxmacro 2016/05/16 v1.5 Let assignment for LaTeX macros (HO)
Package: hopatch 2016/05/16 v1.3 Wrapper for package hooks (HO)
Package: xcolor-patch 2016/05/16 xcolor patch
Package: atveryend 2016/05/16 v1.9 Hooks at the very end of document (HO)
Package atveryend Info: \enddocument detected (standard20110627).
Package atveryend Info: \a@enddocument detected (standard20110627).
Package: atbegshi 2016/06/09 v1.18 At begin shipout hook (HO)
Package: refcount 2016/05/16 v3.5 Data extraction from label references (HO)
Package: hycolor 2016/05/16 v1.8 Color options for hyperref/bookmark (HO)
)
("C:\Users\Mohamed Amine\Documents\latex\installation\tex/generic/ifxetex\ifxet
ex.sty"
Package: ifxetex 2010/09/12 v0.6 Provides ifxetex conditional
)
("C:\Users\Mohamed Amine\Documents\latex\installation\tex/latex/oberdiek\auxhoo
k.sty"
Package: auxhook 2016/05/16 v1.4 Hooks for auxiliary files (HO)


Package auxhook Warning: Cannot patch \document,
(auxhook)                using \AtBeginDocument instead.

)
("C:\Users\Mohamed Amine\Documents\latex\installation\tex/latex/oberdiek\kvopti
ons.sty"
Package: kvoptions 2016/05/16 v3.12 Key value format for package options (HO)
)
\@linkdim=\dimen159
\Hy@linkcounter=\count156
\Hy@pagecounter=\count157

("C:\Users\Mohamed Amine\Documents\latex\installation\tex/latex/hyperref\pd1enc
.def"
File: pd1enc.def 2018/11/30 v6.88e Hyperref: PDFDocEncoding definition (HO)
Now handling font encoding PD1 ...
... no UTF-8 mapping file for font encoding PD1
)
\Hy@SavedSpaceFactor=\count158

("C:\Users\Mohamed Amine\Documents\latex\installation\tex/latex/00miktex\hyperr
ef.cfg"
File: hyperref.cfg 2002/06/06 v1.2 hyperref configuration of TeXLive
)
Package hyperref Info: Hyper figures OFF on input line 4519.
Package hyperref Info: Link nesting OFF on input line 4524.
Package hyperref Info: Hyper index ON on input line 4527.
Package hyperref Info: Plain pages OFF on input line 4534.
Package hyperref Info: Backreferencing OFF on input line 4539.
Package hyperref Info: Implicit mode ON; LaTeX internals redefined.
Package hyperref Info: Bookmarks ON on input line 4772.
\c@Hy@tempcnt=\count159

("C:\Users\Mohamed Amine\Documents\latex\installation\tex/latex/url\url.sty"
\Urlmuskip=\muskip11
Package: url 2013/09/16  ver 3.4  Verb mode for urls, etc.
)
LaTeX Info: Redefining \url on input line 5125.
\XeTeXLinkMargin=\dimen160
\Fld@menulength=\count160
\Field@Width=\dimen161
\Fld@charsize=\dimen162
Package hyperref Info: Hyper figures OFF on input line 6380.
Package hyperref Info: Link nesting OFF on input line 6385.
Package hyperref Info: Hyper index ON on input line 6388.
Package hyperref Info: backreferencing OFF on input line 6395.
Package hyperref Info: Link coloring OFF on input line 6400.
Package hyperref Info: Link coloring with OCG OFF on input line 6405.
Package hyperref Info: PDF/A mode OFF on input line 6410.
LaTeX Info: Redefining \ref on input line 6450.
LaTeX Info: Redefining \pageref on input line 6454.
\Hy@abspage=\count161
\c@Item=\count162
\c@Hfootnote=\count163
)
Package hyperref Info: Driver (autodetected): hpdftex.

("C:\Users\Mohamed Amine\Documents\latex\installation\tex/latex/hyperref\hpdfte
x.def"
File: hpdftex.def 2018/11/30 v6.88e Hyperref driver for pdfTeX
\Fld@listcount=\count164
\c@bookmark@seq@number=\count165

("C:\Users\Mohamed Amine\Documents\latex\installation\tex/latex/oberdiek\rerunf
ilecheck.sty"
Package: rerunfilecheck 2016/05/16 v1.8 Rerun checks for auxiliary files (HO)
Package uniquecounter Info: New unique counter `rerunfilecheck' on input line 2
82.
)
\Hy@SectionHShift=\skip64
)
("C:\Users\Mohamed Amine\Documents\latex\installation\tex/latex/graphics\lscape
.sty"
Package: lscape 2000/10/22 v3.01 Landscape Pages (DPC)
)
("C:\Users\Mohamed Amine\Documents\latex\installation\tex/latex/acronym\acronym
.sty"
Package: acronym 2015/03/21 v1.41 Support for acronyms (Tobias Oetiker)

("C:\Users\Mohamed Amine\Documents\latex\installation\tex/latex/bigfoot\suffix.
sty"
Package: suffix 2006/07/15 1.5a Variant command support
)
("C:\Users\Mohamed Amine\Documents\latex\installation\tex/latex/xstring\xstring
.sty"
("C:\Users\Mohamed Amine\Documents\latex\installation\tex/generic/xstring\xstri
ng.tex"
\integerpart=\count166
\decimalpart=\count167
)
Package: xstring 2019/02/06 v1.83 String manipulations (CT)
)
\AC@clearlist=\toks54
)
("C:\Users\Mohamed Amine\Documents\latex\installation\tex/latex/base\textcomp.s
ty"
Package: textcomp 2018/08/11 v2.0j Standard LaTeX package
Package textcomp Info: Sub-encoding information:
(textcomp)               5 = only ISO-Adobe without \textcurrency
(textcomp)               4 = 5 + \texteuro
(textcomp)               3 = 4 + \textohm
(textcomp)               2 = 3 + \textestimated + \textcurrency
(textcomp)               1 = TS1 - \textcircled - \t
(textcomp)               0 = TS1 (full)
(textcomp)             Font families with sub-encoding setting implement
(textcomp)             only a restricted character set as indicated.
(textcomp)             Family '?' is the default used for unknown fonts.
(textcomp)             See the documentation for details.
Package textcomp Info: Setting ? sub-encoding to TS1/1 on input line 79.

("C:\Users\Mohamed Amine\Documents\latex\installation\tex/latex/base\ts1enc.def
"
File: ts1enc.def 2001/06/05 v3.0e (jk/car/fm) Standard LaTeX file
Now handling font encoding TS1 ...
... processing UTF-8 mapping file for font encoding TS1

("C:\Users\Mohamed Amine\Documents\latex\installation\tex/latex/base\ts1enc.dfu
"
File: ts1enc.dfu 2018/10/05 v1.2f UTF-8 support for inputenc
   defining Unicode char U+00A2 (decimal 162)
   defining Unicode char U+00A3 (decimal 163)
   defining Unicode char U+00A4 (decimal 164)
   defining Unicode char U+00A5 (decimal 165)
   defining Unicode char U+00A6 (decimal 166)
   defining Unicode char U+00A7 (decimal 167)
   defining Unicode char U+00A8 (decimal 168)
   defining Unicode char U+00A9 (decimal 169)
   defining Unicode char U+00AA (decimal 170)
   defining Unicode char U+00AC (decimal 172)
   defining Unicode char U+00AE (decimal 174)
   defining Unicode char U+00AF (decimal 175)
   defining Unicode char U+00B0 (decimal 176)
   defining Unicode char U+00B1 (decimal 177)
   defining Unicode char U+00B2 (decimal 178)
   defining Unicode char U+00B3 (decimal 179)
   defining Unicode char U+00B4 (decimal 180)
   defining Unicode char U+00B5 (decimal 181)
   defining Unicode char U+00B6 (decimal 182)
   defining Unicode char U+00B7 (decimal 183)
   defining Unicode char U+00B9 (decimal 185)
   defining Unicode char U+00BA (decimal 186)
   defining Unicode char U+00BC (decimal 188)
   defining Unicode char U+00BD (decimal 189)
   defining Unicode char U+00BE (decimal 190)
   defining Unicode char U+00D7 (decimal 215)
   defining Unicode char U+00F7 (decimal 247)
   defining Unicode char U+0192 (decimal 402)
   defining Unicode char U+02C7 (decimal 711)
   defining Unicode char U+02D8 (decimal 728)
   defining Unicode char U+02DD (decimal 733)
   defining Unicode char U+0E3F (decimal 3647)
   defining Unicode char U+2016 (decimal 8214)
   defining Unicode char U+2020 (decimal 8224)
   defining Unicode char U+2021 (decimal 8225)
   defining Unicode char U+2022 (decimal 8226)
   defining Unicode char U+2030 (decimal 8240)
   defining Unicode char U+2031 (decimal 8241)
   defining Unicode char U+203B (decimal 8251)
   defining Unicode char U+203D (decimal 8253)
   defining Unicode char U+2044 (decimal 8260)
   defining Unicode char U+204E (decimal 8270)
   defining Unicode char U+2052 (decimal 8274)
   defining Unicode char U+20A1 (decimal 8353)
   defining Unicode char U+20A4 (decimal 8356)
   defining Unicode char U+20A6 (decimal 8358)
   defining Unicode char U+20A9 (decimal 8361)
   defining Unicode char U+20AB (decimal 8363)
   defining Unicode char U+20AC (decimal 8364)
   defining Unicode char U+20B1 (decimal 8369)
   defining Unicode char U+2103 (decimal 8451)
   defining Unicode char U+2116 (decimal 8470)
   defining Unicode char U+2117 (decimal 8471)
   defining Unicode char U+211E (decimal 8478)
   defining Unicode char U+2120 (decimal 8480)
   defining Unicode char U+2122 (decimal 8482)
   defining Unicode char U+2126 (decimal 8486)
   defining Unicode char U+2127 (decimal 8487)
   defining Unicode char U+212E (decimal 8494)
   defining Unicode char U+2190 (decimal 8592)
   defining Unicode char U+2191 (decimal 8593)
   defining Unicode char U+2192 (decimal 8594)
   defining Unicode char U+2193 (decimal 8595)
   defining Unicode char U+2329 (decimal 9001)
   defining Unicode char U+232A (decimal 9002)
   defining Unicode char U+2422 (decimal 9250)
   defining Unicode char U+25E6 (decimal 9702)
   defining Unicode char U+25EF (decimal 9711)
   defining Unicode char U+266A (decimal 9834)
   defining Unicode char U+FEFF (decimal 65279)
))
LaTeX Info: Redefining \oldstylenums on input line 334.
Package textcomp Info: Setting cmr sub-encoding to TS1/0 on input line 349.
Package textcomp Info: Setting cmss sub-encoding to TS1/0 on input line 350.
Package textcomp Info: Setting cmtt sub-encoding to TS1/0 on input line 351.
Package textcomp Info: Setting cmvtt sub-encoding to TS1/0 on input line 352.
Package textcomp Info: Setting cmbr sub-encoding to TS1/0 on input line 353.
Package textcomp Info: Setting cmtl sub-encoding to TS1/0 on input line 354.
Package textcomp Info: Setting ccr sub-encoding to TS1/0 on input line 355.
Package textcomp Info: Setting ptm sub-encoding to TS1/4 on input line 356.
Package textcomp Info: Setting pcr sub-encoding to TS1/4 on input line 357.
Package textcomp Info: Setting phv sub-encoding to TS1/4 on input line 358.
Package textcomp Info: Setting ppl sub-encoding to TS1/3 on input line 359.
Package textcomp Info: Setting pag sub-encoding to TS1/4 on input line 360.
Package textcomp Info: Setting pbk sub-encoding to TS1/4 on input line 361.
Package textcomp Info: Setting pnc sub-encoding to TS1/4 on input line 362.
Package textcomp Info: Setting pzc sub-encoding to TS1/4 on input line 363.
Package textcomp Info: Setting bch sub-encoding to TS1/4 on input line 364.
Package textcomp Info: Setting put sub-encoding to TS1/5 on input line 365.
Package textcomp Info: Setting uag sub-encoding to TS1/5 on input line 366.
Package textcomp Info: Setting ugq sub-encoding to TS1/5 on input line 367.
Package textcomp Info: Setting ul8 sub-encoding to TS1/4 on input line 368.
Package textcomp Info: Setting ul9 sub-encoding to TS1/4 on input line 369.
Package textcomp Info: Setting augie sub-encoding to TS1/5 on input line 370.
Package textcomp Info: Setting dayrom sub-encoding to TS1/3 on input line 371.
Package textcomp Info: Setting dayroms sub-encoding to TS1/3 on input line 372.

Package textcomp Info: Setting pxr sub-encoding to TS1/0 on input line 373.
Package textcomp Info: Setting pxss sub-encoding to TS1/0 on input line 374.
Package textcomp Info: Setting pxtt sub-encoding to TS1/0 on input line 375.
Package textcomp Info: Setting txr sub-encoding to TS1/0 on input line 376.
Package textcomp Info: Setting txss sub-encoding to TS1/0 on input line 377.
Package textcomp Info: Setting txtt sub-encoding to TS1/0 on input line 378.
Package textcomp Info: Setting lmr sub-encoding to TS1/0 on input line 379.
Package textcomp Info: Setting lmdh sub-encoding to TS1/0 on input line 380.
Package textcomp Info: Setting lmss sub-encoding to TS1/0 on input line 381.
Package textcomp Info: Setting lmssq sub-encoding to TS1/0 on input line 382.
Package textcomp Info: Setting lmvtt sub-encoding to TS1/0 on input line 383.
Package textcomp Info: Setting lmtt sub-encoding to TS1/0 on input line 384.
Package textcomp Info: Setting qhv sub-encoding to TS1/0 on input line 385.
Package textcomp Info: Setting qag sub-encoding to TS1/0 on input line 386.
Package textcomp Info: Setting qbk sub-encoding to TS1/0 on input line 387.
Package textcomp Info: Setting qcr sub-encoding to TS1/0 on input line 388.
Package textcomp Info: Setting qcs sub-encoding to TS1/0 on input line 389.
Package textcomp Info: Setting qpl sub-encoding to TS1/0 on input line 390.
Package textcomp Info: Setting qtm sub-encoding to TS1/0 on input line 391.
Package textcomp Info: Setting qzc sub-encoding to TS1/0 on input line 392.
Package textcomp Info: Setting qhvc sub-encoding to TS1/0 on input line 393.
Package textcomp Info: Setting futs sub-encoding to TS1/4 on input line 394.
Package textcomp Info: Setting futx sub-encoding to TS1/4 on input line 395.
Package textcomp Info: Setting futj sub-encoding to TS1/4 on input line 396.
Package textcomp Info: Setting hlh sub-encoding to TS1/3 on input line 397.
Package textcomp Info: Setting hls sub-encoding to TS1/3 on input line 398.
Package textcomp Info: Setting hlst sub-encoding to TS1/3 on input line 399.
Package textcomp Info: Setting hlct sub-encoding to TS1/5 on input line 400.
Package textcomp Info: Setting hlx sub-encoding to TS1/5 on input line 401.
Package textcomp Info: Setting hlce sub-encoding to TS1/5 on input line 402.
Package textcomp Info: Setting hlcn sub-encoding to TS1/5 on input line 403.
Package textcomp Info: Setting hlcw sub-encoding to TS1/5 on input line 404.
Package textcomp Info: Setting hlcf sub-encoding to TS1/5 on input line 405.
Package textcomp Info: Setting pplx sub-encoding to TS1/3 on input line 406.
Package textcomp Info: Setting pplj sub-encoding to TS1/3 on input line 407.
Package textcomp Info: Setting ptmx sub-encoding to TS1/4 on input line 408.
Package textcomp Info: Setting ptmj sub-encoding to TS1/4 on input line 409.
)
("C:\Users\Mohamed Amine\Documents\latex\installation\tex/latex/tools\longtable
.sty"
Package: longtable 2014/10/28 v4.11 Multi-page Table package (DPC)+ FMi change
\LTleft=\skip65
\LTright=\skip66
\LTpre=\skip67
\LTpost=\skip68
\LTchunksize=\count168
\LTcapwidth=\dimen163
\LT@head=\box52
\LT@firsthead=\box53
\LT@foot=\box54
\LT@lastfoot=\box55
\LT@cols=\count169
\LT@rows=\count170
\c@LT@tables=\count171
\c@LT@chunks=\count172
\LT@p@ftn=\toks55
)
("C:\Users\Mohamed Amine\Documents\latex\installation\tex/latex/float\float.sty
"
Package: float 2001/11/08 v1.3d Float enhancements (AL)
\c@float@type=\count173
\float@exts=\toks56
\float@box=\box56
\@float@everytoks=\toks57
\@floatcapt=\box57
)
("C:\Users\Mohamed Amine\Documents\latex\installation\tex/latex/nomencl\nomencl
.sty"
Package: nomencl 2019/05/05 v5.2 Nomenclature package

("C:\Users\Mohamed Amine\Documents\latex\installation\tex/latex/xkeyval\xkeyval
.sty"
Package: xkeyval 2014/12/03 v2.7a package option processing (HA)

("C:\Users\Mohamed Amine\Documents\latex\installation\tex/generic/xkeyval\xkeyv
al.tex"
("C:\Users\Mohamed Amine\Documents\latex\installation\tex/generic/xkeyval\xkvut
ils.tex"
\XKV@toks=\toks58
\XKV@tempa@toks=\toks59
)
\XKV@depth=\count174
File: xkeyval.tex 2014/12/03 v2.7a key=value parser (HA)
))
("C:\Users\Mohamed Amine\Documents\latex\installation\tex/latex/base\ifthen.sty
"
Package: ifthen 2014/09/29 v1.1c Standard LaTeX ifthen package (DPC)
)
("C:\Users\Mohamed Amine\Documents\latex\installation\tex/latex/koma-script\toc
basic.sty"
Package: tocbasic 2019/02/01 v3.26b KOMA-Script package (handling toc-files)

("C:\Users\Mohamed Amine\Documents\latex\installation\tex/latex/koma-script\scr
base.sty"
Package: scrbase 2019/02/01 v3.26b KOMA-Script package (KOMA-Script-independent
 basics and keyval usage)

("C:\Users\Mohamed Amine\Documents\latex\installation\tex/latex/koma-script\scr
lfile.sty"
Package: scrlfile 2019/02/01 v3.26b KOMA-Script package (loading files)
))
\scr@dte@tocline@numberwidth=\skip69
\scr@dte@tocline@numbox=\box58
)
Package tocbasic Info: setting babel extension for `nlo' on input line 155.
Package tocbasic Info: setting babel extension for `nls' on input line 156.
\nomlabelwidth=\dimen164
\nom@tempdim=\dimen165
\nomitemsep=\skip70
)
("C:\Users\Mohamed Amine\Documents\latex\installation\tex/latex/appendix\append
ix.sty"
Package: appendix 2009/09/02 v1.2b extra appendix facilities
\c@@pps=\count175
\c@@ppsavesec=\count176
\c@@ppsaveapp=\count177
)
\@nomenclaturefile=\write6
\openout6 = `main.nlo'.

Package nomencl Info: Writing nomenclature file main.nlo on input line 60.

("C:\Users\Mohamed Amine\Documents\latex\installation\tex/latex/geometry\geomet
ry.sty"
Package: geometry 2018/04/16 v5.8 Page Geometry
\Gm@cnth=\count178
\Gm@cntv=\count179
\c@Gm@tempcnt=\count180
\Gm@bindingoffset=\dimen166
\Gm@wd@mp=\dimen167
\Gm@odd@mp=\dimen168
\Gm@even@mp=\dimen169
\Gm@layoutwidth=\dimen170
\Gm@layoutheight=\dimen171
\Gm@layouthoffset=\dimen172
\Gm@layoutvoffset=\dimen173
\Gm@dimlist=\toks60

("C:\Users\Mohamed Amine\Documents\latex\installation\tex/latex/geometry\geomet
ry.cfg"))
("C:\Users\Mohamed Amine\Documents\latex\installation\tex/latex/wrapfig\wrapfig
.sty"
\wrapoverhang=\dimen174
\WF@size=\dimen175
\c@WF@wrappedlines=\count181
\WF@box=\box59
\WF@everypar=\toks61
Package: wrapfig 2003/01/31  v 3.6
)
("C:\Users\Mohamed Amine\Documents\latex\installation\tex/latex/fncychap\fncych
ap.sty"
Package: fncychap 2007/07/30 v1.34 LaTeX package (Revised chapters)
\RW=\skip71
\mylen=\skip72
\myhi=\skip73
\px=\skip74
\py=\skip75
\pyy=\skip76
\pxx=\skip77
\backskip=\skip78
) (main.aux)
\openout1 = `main.aux'.

LaTeX Font Info:    Checking defaults for OML/cmm/m/it on input line 99.
LaTeX Font Info:    ... okay on input line 99.
LaTeX Font Info:    Checking defaults for T1/cmr/m/n on input line 99.
LaTeX Font Info:    ... okay on input line 99.
LaTeX Font Info:    Checking defaults for OT1/cmr/m/n on input line 99.
LaTeX Font Info:    ... okay on input line 99.
LaTeX Font Info:    Checking defaults for OMS/cmsy/m/n on input line 99.
LaTeX Font Info:    ... okay on input line 99.
LaTeX Font Info:    Checking defaults for OMX/cmex/m/n on input line 99.
LaTeX Font Info:    ... okay on input line 99.
LaTeX Font Info:    Checking defaults for U/cmr/m/n on input line 99.
LaTeX Font Info:    ... okay on input line 99.
LaTeX Font Info:    Checking defaults for PD1/pdf/m/n on input line 99.
LaTeX Font Info:    ... okay on input line 99.
LaTeX Font Info:    Checking defaults for TS1/cmr/m/n on input line 99.
LaTeX Font Info:    Try loading font information for TS1+cmr on input line 99.

("C:\Users\Mohamed Amine\Documents\latex\installation\tex/latex/base\ts1cmr.fd"
File: ts1cmr.fd 2014/09/29 v2.5h Standard LaTeX font definitions
)
LaTeX Font Info:    ... okay on input line 99.
Package lastpage Info: Please have a look at the pageslts package at
(lastpage)             https://www.ctan.org/pkg/pageslts
(lastpage)             ! on input line 99.

("C:\Users\Mohamed Amine\Documents\latex\installation\tex/context/base/mkii\sup
p-pdf.mkii"
[Loading MPS to PDF converter (version 2006.09.02).]
\scratchcounter=\count182
\scratchdimen=\dimen176
\scratchbox=\box60
\nofMPsegments=\count183
\nofMParguments=\count184
\everyMPshowfont=\toks62
\MPscratchCnt=\count185
\MPscratchDim=\dimen177
\MPnumerator=\count186
\makeMPintoPDFobject=\count187
\everyMPtoPDFconversion=\toks63
)
("C:\Users\Mohamed Amine\Documents\latex\installation\tex/latex/oberdiek\epstop
df-base.sty"
Package: epstopdf-base 2016/05/15 v2.6 Base part for package epstopdf

("C:\Users\Mohamed Amine\Documents\latex\installation\tex/latex/oberdiek\grfext
.sty"
Package: grfext 2016/05/16 v1.2 Manage graphics extensions (HO)
)
Package epstopdf-base Info: Redefining graphics rule for `.eps' on input line 4
38.
Package grfext Info: Graphics extension search list:
(grfext)             [.pdf,.png,.jpg,.mps,.jpeg,.jbig2,.jb2,.PDF,.PNG,.JPG,.JPE
G,.JBIG2,.JB2,.eps]
(grfext)             \AppendGraphicsExtensions on input line 456.
)
LaTeX Info: Redefining \degres on input line 99.
LaTeX Info: Redefining \dots on input line 99.
Package french.ldf Info: Setting StandardItemizeEnv=true for
(french.ldf)             compatibility with enumitem package,
(french.ldf)             reported on input line 99.
Package french.ldf Info: Setting StandardEnumerateEnv=true for
(french.ldf)             compatibility with enumitem package,
(french.ldf)             reported on input line 99.
LaTeX Info: Redefining \up on input line 99.
\c@lstlisting=\count188
\AtBeginShipoutBox=\box61
Package hyperref Info: Link coloring OFF on input line 99.

("C:\Users\Mohamed Amine\Documents\latex\installation\tex/latex/hyperref\namere
f.sty"
Package: nameref 2016/05/21 v2.44 Cross-referencing by name of section

("C:\Users\Mohamed Amine\Documents\latex\installation\tex/generic/oberdiek\gett
itlestring.sty"
Package: gettitlestring 2016/05/16 v1.5 Cleanup title references (HO)
)
\c@section@level=\count189
)
LaTeX Info: Redefining \ref on input line 99.
LaTeX Info: Redefining \pageref on input line 99.
LaTeX Info: Redefining \nameref on input line 99.
 (main.out) (main.out)
\@outlinefile=\write7
\openout7 = `main.out'.


*geometry* driver: auto-detecting
*geometry* detected driver: pdftex
*geometry* verbose mode - [ preamble ] result:
* driver: pdftex
* paper: a4paper
* layout: <same size as paper>
* layoutoffset:(h,v)=(0.0pt,0.0pt)
* modes: twoside 
* h-part:(L,W,R)=(71.13188pt, 455.24411pt, 71.13188pt)
* v-part:(T,H,B)=(71.13188pt, 702.78308pt, 71.13188pt)
* \paperwidth=597.50787pt
* \paperheight=845.04684pt
* \textwidth=455.24411pt
* \textheight=702.78308pt
* \oddsidemargin=-1.1381pt
* \evensidemargin=-1.1381pt
* \topmargin=-38.1381pt
* \headheight=12.0pt
* \headsep=25.0pt
* \topskip=12.0pt
* \footskip=30.0pt
* \marginparwidth=54.2025pt
* \marginparsep=10.0pt
* \columnsep=10.0pt
* \skip\footins=10.8pt plus 4.0pt minus 2.0pt
* \hoffset=0.0pt
* \voffset=0.0pt
* \mag=1000
* \@twocolumnfalse
* \@twosidetrue
* \@mparswitchtrue
* \@reversemarginfalse
* (1in=72.27pt=25.4mm, 1cm=28.453pt)


("C:\Users\Mohamed Amine\Documents\latex\installation\tex/latex/arabtex\apatch.
sty"
\a@lines=\count190
\a@Lwidth=\dimen178
\a@displaywidth=\dimen179

("C:\Users\Mohamed Amine\Documents\latex\installation\tex/latex/arabtex\alocal.
sty" (ArabTeX) 3.11 local stub, 26.02.2006)
(ArabTeX) version 3.11s (02.07.2006): second phase of patching)
<Images/logo/ensias.png, id=73, 293.095pt x 248.93pt>
File: Images/logo/ensias.png Graphic file (type png)
<use Images/logo/ensias.png>
Package pdftex.def Info: Images/logo/ensias.png  used on input line 113.
(pdftex.def)             Requested size: 113.81102pt x 96.66068pt.

Overfull \hbox (68.28384pt too wide) in paragraph at lines 113--114
 [] 
 []

LaTeX Font Info:    Try loading font information for U+msa on input line 115.

("C:\Users\Mohamed Amine\Documents\latex\installation\tex/latex/amsfonts\umsa.f
d"
File: umsa.fd 2013/01/14 v3.01 AMS symbols A
)
LaTeX Font Info:    Try loading font information for U+msb on input line 115.

("C:\Users\Mohamed Amine\Documents\latex\installation\tex/latex/amsfonts\umsb.f
d"
File: umsb.fd 2013/01/14 v3.01 AMS symbols B
)
<Images/logo/um5.png, id=75, 301.125pt x 145.54375pt>
File: Images/logo/um5.png Graphic file (type png)
<use Images/logo/um5.png>
Package pdftex.def Info: Images/logo/um5.png  used on input line 118.
(pdftex.def)             Requested size: 113.81102pt x 55.0096pt.

Underfull \hbox (badness 10000) in paragraph at lines 140--145

 []


Underfull \hbox (badness 10000) in paragraph at lines 150--152

 []

[1

{C:/Users/Mohamed Amine/AppData/Local/MiKTeX/2.9/pdftex/config/pdftex.map} <./I
mages/logo/ensias.png> <./Images/logo/um5.png>]pdfTeX warning (ext4): destinati
on with the same identifier (name{page.1}) has been already used, duplicate ign
ored
<to be read again> 
                   \relax 
l.167 	\newpage
                [1] (main.lof)
\tf@lof=\write8
\openout8 = `main.lof'.

 [2

]
No file main.nls.
(main.toc)
\tf@toc=\write9
\openout9 = `main.toc'.

 [3

] [4

]
Chapitre 1.
LaTeX Font Info:    Try loading font information for T1+cmss on input line 200.

("C:\Users\Mohamed Amine\Documents\latex\installation\tex/latex/base\t1cmss.fd"
File: t1cmss.fd 2014/09/29 v2.5h Standard LaTeX font definitions
) [5

]

Package Fancyhdr Warning: \headheight is too small (12.0pt): 
Make it at least 14.49998pt.
We now make it that large for the rest of the document.
This may cause the page layout to be inconsistent, however.

[6]
<Images/usecase.png, id=173, 678.535pt x 477.785pt>
File: Images/usecase.png Graphic file (type png)
<use Images/usecase.png>
Package pdftex.def Info: Images/usecase.png  used on input line 250.
(pdftex.def)             Requested size: 369.88582pt x 260.44963pt.
 [7]
<Images/class.png, id=179, 638.385pt x 477.785pt>
File: Images/class.png Graphic file (type png)
<use Images/class.png>
Package pdftex.def Info: Images/class.png  used on input line 260.
(pdftex.def)             Requested size: 426.79134pt x 319.42169pt.
 [8pdfTeX warning (ext4): destination with the same identifier (name{figure.1.1
}) has been already used, duplicate ignored

\AtBegShi@Output ...ipout \box \AtBeginShipoutBox 
                                                  \fi \fi 
l.266 	
        <./Images/usecase.png>] [9pdfTeX warning (ext4): destination with the s
ame identifier (name{figure.1.2}) has been already used, duplicate ignored

\AtBegShi@Output ...ipout \box \AtBeginShipoutBox 
                                                  \fi \fi 
l.267 	\newpage
                <./Images/class.png>]
Chapitre 2.
[10

]
<Images/acc.png, id=195, 1211.27531pt x 720.44156pt>
File: Images/acc.png Graphic file (type png)
<use Images/acc.png>
Package pdftex.def Info: Images/acc.png  used on input line 294.
(pdftex.def)             Requested size: 369.88582pt x 220.00368pt.

Underfull \hbox (badness 10000) in paragraph at lines 298--300

 []


Package Fancyhdr Warning: \headheight is too small (14.49998pt): 
Make it at least 14.61858pt.
We now make it that large for the rest of the document.
This may cause the page layout to be inconsistent, however.

[11pdfTeX warning (ext4): destination with the same identifier (name{figure.2.1
}) has been already used, duplicate ignored

\AtBegShi@Output ...ipout \box \AtBeginShipoutBox 
                                                  \fi \fi 
l.300 					\item \textbf
                        {Page d'authentification} <./Images/acc.png>]
<Images/auth.png, id=201, 514.17094pt x 593.21625pt>
File: Images/auth.png Graphic file (type png)
<use Images/auth.png>
Package pdftex.def Info: Images/auth.png  used on input line 302.
(pdftex.def)             Requested size: 369.88582pt x 426.7533pt.

Underfull \hbox (badness 10000) in paragraph at lines 306--308

 []

<Images/bot.png, id=202, 364.36125pt x 527.72156pt>
File: Images/bot.png Graphic file (type png)
<use Images/bot.png>
Package pdftex.def Info: Images/bot.png  used on input line 310.
(pdftex.def)             Requested size: 369.88582pt x 535.74043pt.
[12pdfTeX warning (ext4): destination with the same identifier (name{figure.2.2
}) has been already used, duplicate ignored

\AtBegShi@Output ...ipout \box \AtBeginShipoutBox 
                                                  \fi \fi 
l.314 								I
               l s'agit d'un bot qui analyse le message envoyé et envoie un...
 <./Images/auth.png>]
<Images/statAd.png, id=209, 1430.34375pt x 600.74437pt>
File: Images/statAd.png Graphic file (type png)
<use Images/statAd.png>
Package pdftex.def Info: Images/statAd.png  used on input line 322.
(pdftex.def)             Requested size: 369.88582pt x 155.34653pt.
 [13pdfTeX warning (ext4): destination with the same identifier (name{figure.2.
3}) has been already used, duplicate ignored

\AtBegShi@Output ...ipout \box \AtBeginShipoutBox 
                                                  \fi \fi 
l.326 								d
               ans cette page, l'administrateur peut accéder aux statistiqu...
 <./Images/bot.png>]
Underfull \hbox (badness 10000) in paragraph at lines 326--328

 []

<Images/bs.png, id=215, 1438.6247pt x 484.05844pt>
File: Images/bs.png Graphic file (type png)
<use Images/bs.png>
Package pdftex.def Info: Images/bs.png  used on input line 330.
(pdftex.def)             Requested size: 369.88582pt x 124.45624pt.

Underfull \hbox (badness 10000) in paragraph at lines 334--336

 []

<Images/dn.png, id=216, 1440.13031pt x 576.65437pt>
File: Images/dn.png Graphic file (type png)
<use Images/dn.png>
Package pdftex.def Info: Images/dn.png  used on input line 338.
(pdftex.def)             Requested size: 369.88582pt x 148.1052pt.
[14pdfTeX warning (ext4): destination with the same identifier (name{figure.2.4
}) has been already used, duplicate ignored

\AtBegShi@Output ...ipout \box \AtBeginShipoutBox 
                                                  \fi \fi 
l.342 								L
               'administrateur peut ajouter, modifier ou supprimer un donateur.
pdfTeX warning (ext4): destination with the same identifier (name{figure.2.5}) 
has been already used, duplicate ignored

\AtBegShi@Output ...ipout \box \AtBeginShipoutBox 
                                                  \fi \fi 
l.342 								L
               'administrateur peut ajouter, modifier ou supprimer un donateur.
 <./Images/statAd.png> <./Images/bs.png>]
<Images/statBS.png, id=223, 1436.36626pt x 637.63219pt>
File: Images/statBS.png Graphic file (type png)
<use Images/statBS.png>
Package pdftex.def Info: Images/statBS.png  used on input line 349.
(pdftex.def)             Requested size: 369.88582pt x 164.19455pt.

Underfull \hbox (badness 10000) in paragraph at lines 353--355

 []

<Images/convoi.png, id=224, 1440.13031pt x 422.32782pt>
File: Images/convoi.png Graphic file (type png)
<use Images/convoi.png>
Package pdftex.def Info: Images/convoi.png  used on input line 357.
(pdftex.def)             Requested size: 369.88582pt x 108.46869pt.
[15pdfTeX warning (ext4): destination with the same identifier (name{figure.2.6
}) has been already used, duplicate ignored

\AtBegShi@Output ...ipout \box \AtBeginShipoutBox 
                                                  \fi \fi 
l.361 								L
               e responsable de la banque du sang peut ajouter, modifier,sup...
pdfTeX warning (ext4): destination with the same identifier (name{figure.2.7}) 
has been already used, duplicate ignored

\AtBegShi@Output ...ipout \box \AtBeginShipoutBox 
                                                  \fi \fi 
l.361 								L
               e responsable de la banque du sang peut ajouter, modifier,sup...
 <./Images/dn.png> <./Images/statBS.png>]
<Images/planning.png, id=231, 1014.79124pt x 747.54282pt>
File: Images/planning.png Graphic file (type png)
<use Images/planning.png>
Package pdftex.def Info: Images/planning.png  used on input line 364.
(pdftex.def)             Requested size: 369.88582pt x 272.46873pt.

Underfull \hbox (badness 10000) in paragraph at lines 368--370

 []

<Images/alerte.png, id=232, 868.74562pt x 517.935pt>
File: Images/alerte.png Graphic file (type png)
<use Images/alerte.png>
Package pdftex.def Info: Images/alerte.png  used on input line 372.
(pdftex.def)             Requested size: 369.88582pt x 220.52646pt.
[16pdfTeX warning (ext4): destination with the same identifier (name{figure.2.8
}) has been already used, duplicate ignored

\AtBegShi@Output ...ipout \box \AtBeginShipoutBox 
                                                  \fi \fi 
l.376 								I
               l s'agit des alertes relatives à un banque du sang en cas d'...
pdfTeX warning (ext4): destination with the same identifier (name{figure.2.9}) 
has been already used, duplicate ignored

\AtBegShi@Output ...ipout \box \AtBeginShipoutBox 
                                                  \fi \fi 
l.376 								I
               l s'agit des alertes relatives à un banque du sang en cas d'...
 <./Images/convoi.png> <./Images/planning.png>]
<Images/sms.jpg, id=239, 1075.01625pt x 1665.22125pt>
File: Images/sms.jpg Graphic file (type jpg)
<use Images/sms.jpg>
Package pdftex.def Info: Images/sms.jpg  used on input line 378.
(pdftex.def)             Requested size: 199.16928pt x 308.51848pt.
<Images/mail.png, id=240, 395.97937pt x 182.18062pt>
File: Images/mail.png Graphic file (type png)
<use Images/mail.png>
Package pdftex.def Info: Images/mail.png  used on input line 384.
(pdftex.def)             Requested size: 369.88582pt x 170.17955pt.
 [17pdfTeX warning (ext4): destination with the same identifier (name{figure.2.
10}) has been already used, duplicate ignored

\AtBegShi@Output ...ipout \box \AtBeginShipoutBox 
                                                  \fi \fi 
l.388 								
              pdfTeX warning (ext4): destination with the same identifier (name
{figure.2.11}) has been already used, duplicate ignored

\AtBegShi@Output ...ipout \box \AtBeginShipoutBox 
                                                  \fi \fi 
l.388 								
               <./Images/alerte.png> <./Images/sms.jpg>]
<Images/twitter.png, id=246, 313.9228pt x 322.20375pt>
File: Images/twitter.png Graphic file (type png)
<use Images/twitter.png>
Package pdftex.def Info: Images/twitter.png  used on input line 390.
(pdftex.def)             Requested size: 227.62204pt x 233.62369pt.
<Images/don.png, id=247, 1439.3775pt x 687.31781pt>
File: Images/don.png Graphic file (type png)
<use Images/don.png>
Package pdftex.def Info: Images/don.png  used on input line 397.
(pdftex.def)             Requested size: 369.88582pt x 176.62186pt.
 [18pdfTeX warning (ext4): destination with the same identifier (name{figure.2.
12}) has been already used, duplicate ignored

\AtBegShi@Output ...ipout \box \AtBeginShipoutBox 
                                                  \fi \fi 
l.401 								L
               e responsable de la banque du sang peut aussi gérer les dona...
pdfTeX warning (ext4): destination with the same identifier (name{figure.2.13})
 has been already used, duplicate ignored

\AtBegShi@Output ...ipout \box \AtBeginShipoutBox 
                                                  \fi \fi 
l.401 								L
               e responsable de la banque du sang peut aussi gérer les dona...
 <./Images/mail.png> <./Images/twitter.png>]
<Images/ajoutDon.png, id=255, 376.40625pt x 368.87813pt>
File: Images/ajoutDon.png Graphic file (type png)
<use Images/ajoutDon.png>
Package pdftex.def Info: Images/ajoutDon.png  used on input line 403.
(pdftex.def)             Requested size: 284.52756pt x 278.85869pt.
<Images/convoiD.png, id=256, 1438.6247pt x 431.36156pt>
File: Images/convoiD.png Graphic file (type png)
<use Images/convoiD.png>
Package pdftex.def Info: Images/convoiD.png  used on input line 414.
(pdftex.def)             Requested size: 369.88582pt x 110.90735pt.
 [19pdfTeX warning (ext4): destination with the same identifier (name{figure.2.
14}) has been already used, duplicate ignored

\AtBegShi@Output ...ipout \box \AtBeginShipoutBox 
                                                  \fi \fi 
l.417 								\end{figure}
                          pdfTeX warning (ext4): destination with the same iden
tifier (name{figure.2.15}) has been already used, duplicate ignored

\AtBegShi@Output ...ipout \box \AtBeginShipoutBox 
                                                  \fi \fi 
l.417 								\end{figure}
                           <./Images/don.png> <./Images/ajoutDon.png>]
<Images/donD.png, id=263, 871.00406pt x 259.7203pt>
File: Images/donD.png Graphic file (type png)
<use Images/donD.png>
Package pdftex.def Info: Images/donD.png  used on input line 421.
(pdftex.def)             Requested size: 369.88582pt x 110.29446pt.
 [20pdfTeX warning (ext4): destination with the same identifier (name{figure.2.
16}) has been already used, duplicate ignored

\AtBegShi@Output ...ipout \box \AtBeginShipoutBox 
                                                  \fi \fi 
l.428 	\chapter
               *{Conclusion \& Percpectives}pdfTeX warning (ext4): destination 
with the same identifier (name{figure.2.17}) has been already used, duplicate i
gnored

\AtBegShi@Output ...ipout \box \AtBeginShipoutBox 
                                                  \fi \fi 
l.428 	\chapter
               *{Conclusion \& Percpectives} <./Images/convoiD.png> <./Images/d
onD.png>] [21

]
LaTeX Font Info:    Try loading font information for T1+cmtt on input line 450.


("C:\Users\Mohamed Amine\Documents\latex\installation\tex/latex/base\t1cmtt.fd"
File: t1cmtt.fd 2014/09/29 v2.5h Standard LaTeX font definitions
) 
AED: lastpage setting LastPage
[22

]
Package atveryend Info: Empty hook `BeforeClearDocument' on input line 464.
Package atveryend Info: Empty hook `AfterLastShipout' on input line 464.
 (main.aux)
Package atveryend Info: Executing hook `AtVeryEndDocument' on input line 464.


 *File List*
  report.cls    2018/09/03 v1.4i Standard LaTeX document class
  size12.clo    2018/09/03 v1.4i Standard LaTeX file (size option)
 arabtex.sty    2003/08/22  3.11 ArabTeX main module
 arabaux.sty    2003/05/21  3.11 auxiliary macros for ArabTeX
    acmd.sty    2003/08/20  3.11 Arabic command processing 
  afonts.sty    1995/11/16  3.04 define Naskh font 
 afonts2.sty    1998/10/19  3.10 define Naskh fonts for LaTeX2e
   ascan.sty    2003/08/22  3.11 standard ZDMG input encoding 
  aparse.sty    2003/05/26  3.11 get syllables 
  awrite.sty    2003/06/05  3.11 build output word 
xarbsymb.sty    1998/07/15  3.07 symbolic output encoding 
arabskel.sty    2000/06/04  3.10 character skeleton definitions 
xarbskel.sty    1999/07/17  3.09 character skeleton definitions 
  aboxes.sty    2003/05/28  3.11 build output boxes
arabtoks.sty    1999/07/17  3.09 ArabTeX CS token definitions 
arabchrs.sty    1998/07/11  3.07 letter token definitions 
   aligs.sty    2003/05/26  3.11 compute ligatures
 aoutput.sty    2000/06/04  3.10 build output lines
  abidir.sty    2003/08/22  3.11 bidirectional linebreaking
  atrans.sty    2003/06/14  3.11 generate the transliteration 
  alatex.sty    2003/05/04  3.11 ArabTeX extensions for LaTeX 
   afoot.sty    2003/05/12  3.11 ArabTeX footnotes
   abjad.sty    2003/04/26  3.11 abjad numerals 
  apatch.sty    2006/07/02  3.11s last minute patches 
  alists.sty    2003/04/26  3.11 inverted list macros
   asect.sty    2003/04/26  3.11 section macros for Arabic
   atabg.sty    1997/01/21  3.05 LaTeX tabbing macros for Arabic
inputenc.sty    2018/08/11 v1.3c Input encoding file
 fontenc.sty
   t1enc.def    2018/08/11 v2.0j Standard LaTeX file
fancyhdr.sty    2019/01/31 v3.10 Extensive control of page headers and footers
lastpage.sty    2015/03/29 v1.2m Refers to last page's name (HMM; JPG)
  a4wide.sty    1994/08/30
      a4.sty    2004/04/15 v1.2g A4 based page layout
 amsmath.sty    2018/12/01 v2.17b AMS math features
 amstext.sty    2000/06/29 v2.01 AMS text
  amsgen.sty    1999/11/30 v2.0 generic functions
  amsbsy.sty    1999/11/29 v1.2d Bold Symbols
  amsopn.sty    2016/03/08 v2.02 operator names
   array.sty    2018/12/30 v2.4k Tabular extension package (FMi)
multirow.sty    2019/01/01 v2.4 Span multiple rows of a table
titlesec.sty    2019/09/09 v2.12 Sectioning titles
enumitem.sty    2019/06/20 v3.9 Customized lists
 amssymb.sty    2013/01/14 v3.01 AMS font symbols
amsfonts.sty    2013/01/14 v3.01 Basic AMSFonts support
graphicx.sty    2017/06/01 v1.1a Enhanced LaTeX Graphics (DPC,SPQR)
  keyval.sty    2014/10/28 v1.15 key=value parser (DPC)
graphics.sty    2017/06/25 v1.2c Standard LaTeX Graphics (DPC,SPQR)
    trig.sty    2016/01/03 v1.10 sin cos tan (DPC)
graphics.cfg    2016/06/04 v1.11 sample graphics configuration
  pdftex.def    2018/01/08 v1.0l Graphics/color driver for pdftex
   color.sty    2016/07/10 v1.1e Standard LaTeX Color (DPC)
   color.cfg    2016/01/02 v1.6 sample color configuration
fancybox.sty    2010/05/15 1.4
moreverb.sty    2008/06/03 v2.3a `more' verbatim facilities
verbatim.sty    2014/10/28 v1.5q LaTeX2e package for verbatim enhancements
   babel.sty    2019/04/01 3.28 The Babel package
 bblopts.cfg    2005/09/08 v0.1 add Arabic and Farsi to "declared" options of b
abel
 english.ldf    2017/06/06 v3.3r English support from the babel system
francais.ldf    2019/03/30 v3.5e French support from the babel system
scalefnt.sty    
listings.sty    2019/09/10 1.8c (Carsten Heinz)
 lstmisc.sty    2019/09/10 1.8c (Carsten Heinz)
listings.cfg    2019/09/10 1.8c listings configuration
hyperref.sty    2018/11/30 v6.88e Hypertext links for LaTeX
hobsub-hyperref.sty    2016/05/16 v1.14 Bundle oberdiek, subset hyperref (HO)
hobsub-generic.sty    2016/05/16 v1.14 Bundle oberdiek, subset generic (HO)
  hobsub.sty    2016/05/16 v1.14 Construct package bundles (HO)
infwarerr.sty    2016/05/16 v1.4 Providing info/warning/error messages (HO)
 ltxcmds.sty    2016/05/16 v1.23 LaTeX kernel commands for general use (HO)
ifluatex.sty    2016/05/16 v1.4 Provides the ifluatex switch (HO)
  ifvtex.sty    2016/05/16 v1.6 Detect VTeX and its facilities (HO)
 intcalc.sty    2016/05/16 v1.2 Expandable calculations with integers (HO)
   ifpdf.sty    2018/09/07 v3.3 Provides the ifpdf switch
etexcmds.sty    2016/05/16 v1.6 Avoid name clashes with e-TeX commands (HO)
kvsetkeys.sty    2016/05/16 v1.17 Key value parser (HO)
kvdefinekeys.sty    2016/05/16 v1.4 Define keys (HO)
pdftexcmds.sty    2018/09/10 v0.29 Utility functions of pdfTeX for LuaTeX (HO)
pdfescape.sty    2016/05/16 v1.14 Implements pdfTeX's escape features (HO)
bigintcalc.sty    2016/05/16 v1.4 Expandable calculations on big integers (HO)
  bitset.sty    2016/05/16 v1.2 Handle bit-vector datatype (HO)
uniquecounter.sty    2016/05/16 v1.3 Provide unlimited unique counter (HO)
letltxmacro.sty    2016/05/16 v1.5 Let assignment for LaTeX macros (HO)
 hopatch.sty    2016/05/16 v1.3 Wrapper for package hooks (HO)
xcolor-patch.sty    2016/05/16 xcolor patch
atveryend.sty    2016/05/16 v1.9 Hooks at the very end of document (HO)
atbegshi.sty    2016/06/09 v1.18 At begin shipout hook (HO)
refcount.sty    2016/05/16 v3.5 Data extraction from label references (HO)
 hycolor.sty    2016/05/16 v1.8 Color options for hyperref/bookmark (HO)
 ifxetex.sty    2010/09/12 v0.6 Provides ifxetex conditional
 auxhook.sty    2016/05/16 v1.4 Hooks for auxiliary files (HO)
kvoptions.sty    2016/05/16 v3.12 Key value format for package options (HO)
  pd1enc.def    2018/11/30 v6.88e Hyperref: PDFDocEncoding definition (HO)
hyperref.cfg    2002/06/06 v1.2 hyperref configuration of TeXLive
     url.sty    2013/09/16  ver 3.4  Verb mode for urls, etc.
 hpdftex.def    2018/11/30 v6.88e Hyperref driver for pdfTeX
rerunfilecheck.sty    2016/05/16 v1.8 Rerun checks for auxiliary files (HO)
  lscape.sty    2000/10/22 v3.01 Landscape Pages (DPC)
 acronym.sty    2015/03/21 v1.41 Support for acronyms (Tobias Oetiker)
  suffix.sty    2006/07/15 1.5a Variant command support
 xstring.sty    2019/02/06 v1.83 String manipulations (CT)
textcomp.sty    2018/08/11 v2.0j Standard LaTeX package
  ts1enc.def    2001/06/05 v3.0e (jk/car/fm) Standard LaTeX file
  ts1enc.dfu    2018/10/05 v1.2f UTF-8 support for inputenc
longtable.sty    2014/10/28 v4.11 Multi-page Table package (DPC)+ FMi change
   float.sty    2001/11/08 v1.3d Float enhancements (AL)
 nomencl.sty    2019/05/05 v5.2 Nomenclature package
 xkeyval.sty    2014/12/03 v2.7a package option processing (HA)
 xkeyval.tex    2014/12/03 v2.7a key=value parser (HA)
  ifthen.sty    2014/09/29 v1.1c Standard LaTeX ifthen package (DPC)
tocbasic.sty    2019/02/01 v3.26b KOMA-Script package (handling toc-files)
 scrbase.sty    2019/02/01 v3.26b KOMA-Script package (KOMA-Script-independent 
basics and keyval usage)
scrlfile.sty    2019/02/01 v3.26b KOMA-Script package (loading files)
appendix.sty    2009/09/02 v1.2b extra appendix facilities
geometry.sty    2018/04/16 v5.8 Page Geometry
geometry.cfg
 wrapfig.sty    2003/01/31  v 3.6
fncychap.sty    2007/07/30 v1.34 LaTeX package (Revised chapters)
  ts1cmr.fd    2014/09/29 v2.5h Standard LaTeX font definitions
supp-pdf.mkii
epstopdf-base.sty    2016/05/15 v2.6 Base part for package epstopdf
  grfext.sty    2016/05/16 v1.2 Manage graphics extensions (HO)
 nameref.sty    2016/05/21 v2.44 Cross-referencing by name of section
gettitlestring.sty    2016/05/16 v1.5 Cleanup title references (HO)
    main.out
    main.out
  apatch.sty    2006/07/02  3.11s last minute patches 
Images/logo/ensias.png
    umsa.fd    2013/01/14 v3.01 AMS symbols A
    umsb.fd    2013/01/14 v3.01 AMS symbols B
Images/logo/um5.png
  t1cmss.fd    2014/09/29 v2.5h Standard LaTeX font definitions
Images/usecase.png
Images/class.png
Images/acc.png
Images/auth.png
Images/bot.png
Images/statAd.png
Images/bs.png
Images/dn.png
Images/statBS.png
Images/convoi.png
Images/planning.png
Images/alerte.png
Images/sms.jpg
Images/mail.png
Images/twitter.png
Images/don.png
Images/ajoutDon.png
Images/convoiD.png
Images/donD.png
  t1cmtt.fd    2014/09/29 v2.5h Standard LaTeX font definitions
 ***********

Package atveryend Info: Executing hook `AtEndAfterFileList' on input line 464.
Package rerunfilecheck Info: File `main.out' has not changed.
(rerunfilecheck)             Checksum: AA059BE47151DD5F1161F724F825E8D6;1321.

LaTeX Warning: Label(s) may have changed. Rerun to get cross-references right.

Package atveryend Info: Empty hook `AtVeryVeryEnd' on input line 464.
 ) 
Here is how much of TeX's memory you used:
 15121 strings out of 492945
 214167 string characters out of 3124903
 377330 words of memory out of 3000000
 18596 multiletter control sequences out of 15000+200000
 23526 words of font info for 54 fonts, out of 3000000 for 9000
 1141 hyphenation exceptions out of 8191
 35i,12n,64p,443b,650s stack positions out of 5000i,500n,10000p,200000b,50000s
 <C:\Users\Mohamed Amine\AppData\Local\MiKTeX\2.9\fonts/pk/ljfour/jknappen/ec
/dpi600\ectt1200.pk> <C:\Users\Mohamed Amine\AppData\Local\MiKTeX\2.9\fonts/pk/
ljfour/jknappen/ec/dpi600\eccc1200.pk> <C:\Users\Mohamed Amine\AppData\Local\Mi
KTeX\2.9\fonts/pk/ljfour/jknappen/ec/dpi600\tcrm1200.pk> <C:\Users\Mohamed Amin
e\AppData\Local\MiKTeX\2.9\fonts/pk/ljfour/jknappen/ec/dpi600\ecbx1440.pk> <C:\
Users\Mohamed Amine\AppData\Local\MiKTeX\2.9\fonts/pk/ljfour/jknappen/ec/dpi600
\ecbx1728.pk> <C:\Users\Mohamed Amine\AppData\Local\MiKTeX\2.9\fonts/pk/ljfour/
jknappen/ec/dpi600\ecss2488.pk> <C:\Users\Mohamed Amine\AppData\Local\MiKTeX\2.
9\fonts/pk/ljfour/jknappen/ec/dpi600\ecss1728.pk> <C:\Users\Mohamed Amine\AppDa
ta\Local\MiKTeX\2.9\fonts/pk/ljfour/jknappen/ec/dpi600\ecrm1728.pk> <C:\Users\M
ohamed Amine\AppData\Local\MiKTeX\2.9\fonts/pk/ljfour/jknappen/ec/dpi600\ecrm12
00.pk> <C:\Users\Mohamed Amine\AppData\Local\MiKTeX\2.9\fonts/pk/ljfour/jknappe
n/ec/dpi600\ecbi1200.pk> <C:\Users\Mohamed Amine\AppData\Local\MiKTeX\2.9\fonts
/pk/ljfour/jknappen/ec/dpi600\ecrm1440.pk> <C:\Users\Mohamed Amine\AppData\Loca
l\MiKTeX\2.9\fonts/pk/ljfour/jknappen/ec/dpi600\ecbi1440.pk> <C:\Users\Mohamed 
Amine\AppData\Local\MiKTeX\2.9\fonts/pk/ljfour/jknappen/ec/dpi600\ecbx2488.pk> 
<C:\Users\Mohamed Amine\AppData\Local\MiKTeX\2.9\fonts/pk/ljfour/jknappen/ec/dp
i600\ecbx1200.pk> <C:\Users\Mohamed Amine\AppData\Local\MiKTeX\2.9\fonts/pk/ljf
our/jknappen/ec/dpi600\ecbx2074.pk><C:/Users/Mohamed Amine/Documents/latex/inst
allation/fonts/type1/public/amsfonts/symbols/msam10.pfb>
Output written on main.pdf (23 pages, 2315558 bytes).
PDF statistics:
 702 PDF objects out of 1000 (max. 8388607)
 61 named destinations out of 1000 (max. 500000)
 250 words of extra memory for PDF output out of 10000 (max. 10000000)

